<?xml version="1.0" encoding="UTF-8"?>
<!-- Generated by org.testng.reporters.JUnitXMLReporter -->
<testsuite ignored="0" hostname="IBM-PF3PDWB4" failures="0" tests="4" name="Test" time="8.675" errors="0" timestamp="2024-03-20T14:49:16 IST">
  <testcase classname="pk_spreecom.GetDefaultCountry" name="getDefaultCountry" time="4.072"/>
  <testcase classname="pk_spreecom.CreateAddressUsingUtilFunction" name="Create_Address" time="2.795"/>
  <testcase classname="pk_graphql.Test_GraphQL" name="getAllFilmsTest" time="0.904"/>
  <testcase classname="pk_graphql.Test_GraphQL" name="getPokemonDetails" time="0.845"/>
</testsuite> <!-- Test -->
