<?xml version="1.0" encoding="UTF-8"?>
<!-- Generated by org.testng.reporters.JUnitXMLReporter -->
<testsuite ignored="0" hostname="IBM-PF3PDWB4" failures="0" tests="4" name="Test" time="8.764" errors="0" timestamp="2024-03-20T16:22:39 IST">
  <testcase classname="pk_spreecom.GetDefaultCountry" name="getDefaultCountry" time="3.803"/>
  <testcase classname="pk_spreecom.CreateAddressUsingUtilFunction" name="Create_Address" time="2.917"/>
  <testcase classname="pk_graphql.Test_GraphQL" name="getAllFilmsTest" time="0.993"/>
  <testcase classname="pk_graphql.Test_GraphQL" name="getPokemonDetails" time="0.961"/>
</testsuite> <!-- Test -->
