<?xml version="1.0" encoding="UTF-8"?>
<!-- Generated by org.testng.reporters.JUnitXMLReporter -->
<testsuite hostname="IBM-PF3PDWB4" failures="0" tests="4" name="Test" time="17.507" errors="0" timestamp="20 Mar 2024 11:28:30 GMT">
  <testcase classname="pk_spreecom.GetDefaultCountry" name="getDefaultCountry" time="8.508"/>
  <testcase classname="pk_spreecom.CreateAddressUsingUtilFunction" name="Create_Address" time="6.544"/>
  <testcase classname="pk_graphql.Test_GraphQL" name="getAllFilmsTest" time="1.426"/>
  <testcase classname="pk_graphql.Test_GraphQL" name="getPokemonDetails" time="0.996"/>
</testsuite> <!-- Test -->
