<?xml version="1.0" encoding="UTF-8"?>
<testng-results total="4" passed="4" failed="0" skipped="0">
  <reporter-output>
  </reporter-output>
  <suite started-at="2024-03-20T11:28:13Z" name="Suite" finished-at="2024-03-20T11:28:30Z" duration-ms="17507">
    <groups>
    </groups>
    <test started-at="2024-03-20T11:28:13Z" name="Test" finished-at="2024-03-20T11:28:30Z" duration-ms="17507">
      <class name="pk_spreecom.GetDefaultCountry">
        <test-method signature="getDefaultCountry()[pri:0, instance:pk_spreecom.GetDefaultCountry@5fdba6f9]" started-at="2024-03-20T16:58:13Z" name="getDefaultCountry" finished-at="2024-03-20T16:58:21Z" duration-ms="8508" status="PASS">
          <reporter-output>
          </reporter-output>
        </test-method> <!-- getDefaultCountry -->
      </class> <!-- pk_spreecom.GetDefaultCountry -->
      <class name="pk_spreecom.CreateAddressUsingUtilFunction">
        <test-method signature="Create_Address()[pri:0, instance:pk_spreecom.CreateAddressUsingUtilFunction@587c290d]" started-at="2024-03-20T16:58:21Z" name="Create_Address" finished-at="2024-03-20T16:58:28Z" duration-ms="6544" status="PASS">
          <reporter-output>
          </reporter-output>
        </test-method> <!-- Create_Address -->
      </class> <!-- pk_spreecom.CreateAddressUsingUtilFunction -->
      <class name="pk_graphql.Test_GraphQL">
        <test-method signature="getAllFilmsTest()[pri:0, instance:pk_graphql.Test_GraphQL@103f852]" started-at="2024-03-20T16:58:28Z" name="getAllFilmsTest" finished-at="2024-03-20T16:58:29Z" duration-ms="1426" status="PASS">
          <reporter-output>
          </reporter-output>
        </test-method> <!-- getAllFilmsTest -->
        <test-method signature="getPokemonDetails()[pri:0, instance:pk_graphql.Test_GraphQL@103f852]" started-at="2024-03-20T16:58:29Z" name="getPokemonDetails" finished-at="2024-03-20T16:58:30Z" duration-ms="996" status="PASS">
          <reporter-output>
          </reporter-output>
        </test-method> <!-- getPokemonDetails -->
      </class> <!-- pk_graphql.Test_GraphQL -->
    </test> <!-- Test -->
  </suite> <!-- Suite -->
</testng-results>
