<?xml version="1.0" encoding="UTF-8"?>
<testng-results ignored="0" total="4" passed="4" failed="0" skipped="0">
  <reporter-output>
  </reporter-output>
  <suite started-at="2024-03-20T16:22:30 IST" name="Suite" finished-at="2024-03-20T16:22:39 IST" duration-ms="8764">
    <groups>
    </groups>
    <test started-at="2024-03-20T16:22:30 IST" name="Test" finished-at="2024-03-20T16:22:39 IST" duration-ms="8764">
      <class name="pk_spreecom.GetDefaultCountry">
        <test-method signature="getDefaultCountry()[pri:0, instance:pk_spreecom.GetDefaultCountry@333291e3]" started-at="2024-03-20T16:22:30 IST" name="getDefaultCountry" finished-at="2024-03-20T16:22:34 IST" duration-ms="3803" status="PASS">
          <reporter-output>
          </reporter-output>
        </test-method> <!-- getDefaultCountry -->
      </class> <!-- pk_spreecom.GetDefaultCountry -->
      <class name="pk_spreecom.CreateAddressUsingUtilFunction">
        <test-method signature="Create_Address()[pri:0, instance:pk_spreecom.CreateAddressUsingUtilFunction@384ad17b]" started-at="2024-03-20T16:22:34 IST" name="Create_Address" finished-at="2024-03-20T16:22:37 IST" duration-ms="2917" status="PASS">
          <reporter-output>
          </reporter-output>
        </test-method> <!-- Create_Address -->
      </class> <!-- pk_spreecom.CreateAddressUsingUtilFunction -->
      <class name="pk_graphql.Test_GraphQL">
        <test-method signature="getAllFilmsTest()[pri:1, instance:pk_graphql.Test_GraphQL@61862a7f]" started-at="2024-03-20T16:22:37 IST" name="getAllFilmsTest" finished-at="2024-03-20T16:22:38 IST" duration-ms="993" status="PASS">
          <reporter-output>
          </reporter-output>
        </test-method> <!-- getAllFilmsTest -->
        <test-method signature="getPokemonDetails()[pri:2, instance:pk_graphql.Test_GraphQL@61862a7f]" started-at="2024-03-20T16:22:38 IST" name="getPokemonDetails" finished-at="2024-03-20T16:22:39 IST" duration-ms="961" status="PASS">
          <reporter-output>
          </reporter-output>
        </test-method> <!-- getPokemonDetails -->
      </class> <!-- pk_graphql.Test_GraphQL -->
    </test> <!-- Test -->
  </suite> <!-- Suite -->
</testng-results>
